model_params:4234268
seed:1337
train_cache:init buckets=32768 orders=2-9
step:0/20000 val_loss:6.9277 val_bpb:4.1029
step:500/20000 train_loss:2.6322 train_time:22386ms step_avg:44.77ms
step:4000/20000 val_loss:2.3665 val_bpb:1.4016
step:8000/20000 val_loss:2.3455 val_bpb:1.3891
step:12000/20000 val_loss:2.2938 val_bpb:1.3585
swa:start step:12900
step:13555/20000 val_loss:2.2402 val_bpb:1.3268 train_time:600025ms step_avg:44.27ms
stopping_early: wallclock_cap train_time:600025ms step:13555/20000
peak memory allocated: 6257 MiB reserved: 6312 MiB
ema:applying EMA weights
DIAGNOSTIC post_ema val_loss:2.2386 val_bpb:1.3258 eval_time:557ms
train_cache: 133,300,224 tokens indexed
Serialized model+cache fp16+lzma: 7965504 bytes
Total submission size: 8118825 bytes
train_cache:loaded 133,300,224 tokens
final_int6_roundtrip_exact val_loss:2.23860928 val_bpb:1.32583051
final_int6_sliding_window_exact val_loss:2.19921808 val_bpb:1.30250427
final_int8_zlib_roundtrip_exact val_loss:2.19921808 val_bpb:1.30250427
ngram_single_pass: 237 chunks, total=62021632
ngram_single_pass: done val_bpb=0.063766 matched=7751680/7751680 (100.0%) mean_alpha=0.000 time=76.7s
ngram_single_pass_exact val_loss:0.10766668 val_bpb:0.06376627
final_int8_zlib_roundtrip_exact val_loss:0.10766668 val_bpb:0.06376627
